<?xml version="1.0" encoding="UTF-8"?>
<!-- Generated by org.testng.reporters.JUnitReportReporter -->
<testsuite hostname="Q10087" name="com.stockAccounting.Testcases.TestngUom" tests="2" failures="0" timestamp="23 Jun 2016 04:31:32 GMT" time="120.127" errors="0">
  <testcase name="stockAcc_Uom" time="94.030" classname="com.stockAccounting.Testcases.TestngUom"/>
  <testcase name="stockAcc_Uom" time="26.097" classname="com.stockAccounting.Testcases.TestngUom"/>
</testsuite> <!-- com.stockAccounting.Testcases.TestngUom -->
