<?xml version="1.0" encoding="UTF-8"?>
<!-- Generated by org.testng.reporters.JUnitReportReporter -->
<testsuite hostname="Q10087" name="com.stockAccounting.Testcases.TestngStockCategories" tests="1" failures="0" timestamp="27 Jun 2016 03:28:43 GMT" time="25.675" errors="0">
  <testcase name="stock_Categories" time="25.675" classname="com.stockAccounting.Testcases.TestngStockCategories"/>
</testsuite> <!-- com.stockAccounting.Testcases.TestngStockCategories -->
