<?xml version="1.0" encoding="UTF-8"?>
<!-- Generated by org.testng.reporters.JUnitReportReporter -->
<testsuite hostname="Q10087" name="com.stockAccounting.Master.TestngStockAcc" tests="1" failures="0" timestamp="21 Jun 2016 04:00:27 GMT" time="2.436" errors="0">
  <testcase name="stockAcc_Login" time="2.436" classname="com.stockAccounting.Master.TestngStockAcc"/>
</testsuite> <!-- com.stockAccounting.Master.TestngStockAcc -->
