<?xml version="1.0" encoding="UTF-8"?>
<!-- Generated by org.testng.reporters.JUnitReportReporter -->
<testsuite hostname="Q10087" name="com.stockAccounting.Testcases.TestngSuppCreation" tests="1" failures="0" timestamp="23 Jun 2016 03:29:33 GMT" time="16.658" errors="0">
  <testcase name="stockAcc_SupplCreation" time="16.658" classname="com.stockAccounting.Testcases.TestngSuppCreation"/>
</testsuite> <!-- com.stockAccounting.Testcases.TestngSuppCreation -->
