<?xml version="1.0" encoding="UTF-8"?>
<!-- Generated by org.testng.reporters.JUnitReportReporter -->
<testsuite hostname="Q10087" name="com.stockAccounting.Testcases.PomSupplierCreation" tests="1" failures="0" timestamp="27 Jun 2016 02:54:13 GMT" time="28.883" errors="0">
  <testcase name="pomSupplier" time="28.883" classname="com.stockAccounting.Testcases.PomSupplierCreation"/>
</testsuite> <!-- com.stockAccounting.Testcases.PomSupplierCreation -->
